;;; 
Import: Release 19.0.0.0.0 - Production on Sun Sep 14 17:37:18 2025
Version 19.3.0.0.0

Copyright (c) 1982, 2019, Oracle and/or its affiliates.  All rights reserved.
;;; 
Connected to: Oracle Database 19c Enterprise Edition Release 19.0.0.0.0 - Production
Master table "SADAD_HR"."SYS_IMPORT_FULL_01" successfully loaded/unloaded
Starting "SADAD_HR"."SYS_IMPORT_FULL_01":  SADAD_HR/********@localhost:1521/ORCLPDB DIRECTORY=dp_dir DUMPFILE=TEST_HR.DMP LOGFILE=full_import.log REMAP_SCHEMA=TEST_HR:SADAD_HR 
Processing object type SCHEMA_EXPORT/DEFAULT_ROLE
ORA-31685: Object type DEFAULT_ROLE:"SADAD_HR" failed due to insufficient privileges. Failing sql is:
 ALTER USER "SADAD_HR" DEFAULT ROLE ALL
Processing object type SCHEMA_EXPORT/PRE_SCHEMA/PROCACT_SCHEMA
Processing object type SCHEMA_EXPORT/SEQUENCE/SEQUENCE
Processing object type SCHEMA_EXPORT/TABLE/TABLE
Processing object type SCHEMA_EXPORT/TABLE/TABLE_DATA
. . imported "SADAD_HR"."SADAD_RECORDS"                  17.96 KB       6 rows
. . imported "SADAD_HR"."USERS"                          7.140 KB      12 rows
. . imported "SADAD_HR"."ROLES"                          5.656 KB       8 rows
. . imported "SADAD_HR"."USER_ROLES"                     5.687 KB      12 rows
. . imported "SADAD_HR"."COST_CENTERS"                       0 KB       0 rows
Processing object type SCHEMA_EXPORT/TABLE/IDENTITY_COLUMN
Processing object type SCHEMA_EXPORT/TABLE/CONSTRAINT/CONSTRAINT
Processing object type SCHEMA_EXPORT/TABLE/INDEX/STATISTICS/INDEX_STATISTICS
Processing object type SCHEMA_EXPORT/TABLE/CONSTRAINT/REF_CONSTRAINT
Processing object type SCHEMA_EXPORT/TABLE/STATISTICS/TABLE_STATISTICS
Processing object type SCHEMA_EXPORT/STATISTICS/MARKER
Job "SADAD_HR"."SYS_IMPORT_FULL_01" completed with 1 error(s) at Sun Sep 14 17:37:52 2025 elapsed 0 00:00:33
