;;; 
Import: Release 19.0.0.0.0 - Production on Sun Sep 14 14:54:42 2025
Version 19.3.0.0.0

Copyright (c) 1982, 2019, Oracle and/or its affiliates.  All rights reserved.
;;; 
Connected to: Oracle Database 19c Enterprise Edition Release 19.0.0.0.0 - Production
Master table "TEST_HR"."SYS_IMPORT_FULL_01" successfully loaded/unloaded
Starting "TEST_HR"."SYS_IMPORT_FULL_01":  TEST_HR/********@localhost:1521/orclpdb DIRECTORY=DB_DIR DUMPFILE=EXPORT.DMP LOGFILE=import_export.log TABLE_EXISTS_ACTION=APPEND 
Processing object type SCHEMA_EXPORT/DEFAULT_ROLE
ORA-31685: Object type DEFAULT_ROLE:"TEST_HR" failed due to insufficient privileges. Failing sql is:
 ALTER USER "TEST_HR" DEFAULT ROLE ALL
Processing object type SCHEMA_EXPORT/PRE_SCHEMA/PROCACT_SCHEMA
Processing object type SCHEMA_EXPORT/SEQUENCE/SEQUENCE
ORA-31684: Object type SEQUENCE:"TEST_HR"."USER_ROLES_SEQ" already exists
ORA-31684: Object type SEQUENCE:"TEST_HR"."ROLES_SEQ" already exists
ORA-31684: Object type SEQUENCE:"TEST_HR"."USERS_SEQ" already exists
ORA-31684: Object type SEQUENCE:"TEST_HR"."EMP_SEQ" already exists
Processing object type SCHEMA_EXPORT/TABLE/TABLE
Table "TEST_HR"."ROLES" exists. Data will be appended to existing table but all dependent metadata will be skipped due to table_exists_action of append
Table "TEST_HR"."SADAD_RECORDS" exists. Data will be appended to existing table but all dependent metadata will be skipped due to table_exists_action of append
Table "TEST_HR"."COST_CENTERS" exists. Data will be appended to existing table but all dependent metadata will be skipped due to table_exists_action of append
Table "TEST_HR"."USER_ROLES" exists. Data will be appended to existing table but all dependent metadata will be skipped due to table_exists_action of append
Table "TEST_HR"."USERS" exists. Data will be appended to existing table but all dependent metadata will be skipped due to table_exists_action of append
Processing object type SCHEMA_EXPORT/TABLE/TABLE_DATA
. . imported "TEST_HR"."SADAD_RECORDS"                   20.05 KB      13 rows
. . imported "TEST_HR"."COST_CENTERS"                    7.328 KB      14 rows
. . imported "TEST_HR"."USERS"                           7.140 KB      12 rows
. . imported "TEST_HR"."ROLES"                           5.656 KB       8 rows
. . imported "TEST_HR"."USER_ROLES"                      5.687 KB      12 rows
Processing object type SCHEMA_EXPORT/TABLE/IDENTITY_COLUMN
Processing object type SCHEMA_EXPORT/TABLE/CONSTRAINT/CONSTRAINT
Processing object type SCHEMA_EXPORT/TABLE/INDEX/STATISTICS/INDEX_STATISTICS
Processing object type SCHEMA_EXPORT/TABLE/CONSTRAINT/REF_CONSTRAINT
Processing object type SCHEMA_EXPORT/TABLE/STATISTICS/TABLE_STATISTICS
Processing object type SCHEMA_EXPORT/STATISTICS/MARKER
Job "TEST_HR"."SYS_IMPORT_FULL_01" completed with 5 error(s) at Sun Sep 14 14:55:03 2025 elapsed 0 00:00:19
